\BOOKMARK [0][-]{init.0}{P\341gina de Rosto}{}% 1
\BOOKMARK [0][-]{contents.0}{Conte\372do}{}% 2
\BOOKMARK [0][-]{figures.0}{Lista de Figuras}{}% 3
\BOOKMARK [0][-]{tables.0}{Lista de Tabelas}{}% 4
\BOOKMARK [0][-]{chapter.1}{1 Introdu\347\343o}{}% 5
\BOOKMARK [1][-]{section.1.1}{1.1 Contexto}{chapter.1}% 6
\BOOKMARK [1][-]{section.1.2}{1.2 Motiva\347\343o}{chapter.1}% 7
\BOOKMARK [1][-]{section.1.3}{1.3 Objetivos}{chapter.1}% 8
\BOOKMARK [1][-]{section.1.4}{1.4 Estrutura do Relat\363rio}{chapter.1}% 9
\BOOKMARK [0][-]{chapter.2}{2 Reconhecimento Facial em Imagens}{}% 10
\BOOKMARK [1][-]{section.2.1}{2.1 Defini\347\343o do Problema}{chapter.2}% 11
\BOOKMARK [2][-]{subsection.2.1.1}{2.1.1 Sub-Problemas}{section.2.1}% 12
\BOOKMARK [2][-]{subsection.2.1.2}{2.1.2 Desafios}{section.2.1}% 13
\BOOKMARK [1][-]{section.2.2}{2.2 \301reas de Aplica\347\343o}{chapter.2}% 14
\BOOKMARK [2][-]{subsection.2.2.1}{2.2.1 Controlo de Acesso e Seguran\347a de Informa\347\343o}{section.2.2}% 15
\BOOKMARK [2][-]{subsection.2.2.2}{2.2.2 Cart\365es inteligentes e Identifica\347\343o de Faces}{section.2.2}% 16
\BOOKMARK [2][-]{subsection.2.2.3}{2.2.3 Entretenimento}{section.2.2}% 17
\BOOKMARK [2][-]{subsection.2.2.4}{2.2.4 Gest\343o de Conte\372dos Multim\351dia e Bases de Dados}{section.2.2}% 18
\BOOKMARK [2][-]{subsection.2.2.5}{2.2.5 Seguran\347a e Refor\347o da Lei}{section.2.2}% 19
\BOOKMARK [1][-]{section.2.3}{2.3 Estrat\351gias de Reconhecimento Facial}{chapter.2}% 20
\BOOKMARK [2][-]{subsection.2.3.1}{2.3.1 Solu\347\365es Existentes}{section.2.3}% 21
\BOOKMARK [1][-]{section.2.4}{2.4 Evolu\347\343o Desempenho}{chapter.2}% 22
\BOOKMARK [0][-]{chapter.3}{3 Abstra\347\343o de Imagens}{}% 23
\BOOKMARK [1][-]{section.3.1}{3.1 Filtros de Abstra\347\343o de Imagens}{chapter.3}% 24
\BOOKMARK [2][-]{subsection.3.1.1}{3.1.1 Filtro Bilateral}{section.3.1}% 25
\BOOKMARK [2][-]{subsection.3.1.2}{3.1.2 Kuwahara}{section.3.1}% 26
\BOOKMARK [2][-]{subsection.3.1.3}{3.1.3 Diffusion Shock Filter}{section.3.1}% 27
\BOOKMARK [2][-]{subsection.3.1.4}{3.1.4 Morphological Filtering}{section.3.1}% 28
\BOOKMARK [2][-]{subsection.3.1.5}{3.1.5 Gradient Domain Tecniques}{section.3.1}% 29
\BOOKMARK [1][-]{section.3.2}{3.2 Trabalho Preliminar}{chapter.3}% 30
\BOOKMARK [0][-]{chapter.4}{4 Perspectiva de Solu\347\343o}{}% 31
\BOOKMARK [1][-]{section.4.1}{4.1 Objetivos}{chapter.4}% 32
\BOOKMARK [1][-]{section.4.2}{4.2 Implementa\347\343o}{chapter.4}% 33
\BOOKMARK [2][-]{subsection.4.2.1}{4.2.1 Sistema de Reconhecimento Facial Base - OpenCV Face Recognizer}{section.4.2}% 34
\BOOKMARK [2][-]{subsection.4.2.2}{4.2.2 Filtros de Abstra\347\343o - Filtro Anisotropic Kuwahara}{section.4.2}% 35
\BOOKMARK [2][-]{subsection.4.2.3}{4.2.3 Cole\347\365es de dados}{section.4.2}% 36
\BOOKMARK [1][-]{section.4.3}{4.3 Avalia\347\343o Desempenho}{chapter.4}% 37
\BOOKMARK [2][-]{subsection.4.3.1}{4.3.1 Identifica\347\343o}{section.4.3}% 38
\BOOKMARK [2][-]{subsection.4.3.2}{4.3.2 Verifica\347\343o}{section.4.3}% 39
\BOOKMARK [1][-]{section.4.4}{4.4 Resultados Esperados}{chapter.4}% 40
\BOOKMARK [1][-]{section.4.5}{4.5 Plano de Trabalho}{chapter.4}% 41
\BOOKMARK [0][-]{chapter.5}{5 Conclus\343o}{}% 42
\BOOKMARK [0][-]{section*.16}{Refer\352ncias}{}% 43
