\BOOKMARK [0][-]{init.0}{P\341gina de Rosto}{}% 1
\BOOKMARK [0][-]{contents.0}{Conte\372do}{}% 2
\BOOKMARK [0][-]{figures.0}{Lista de Figuras}{}% 3
\BOOKMARK [0][-]{tables.0}{Lista de Tabelas}{}% 4
\BOOKMARK [0][-]{chapter.1}{1 Introdu\347\343o}{}% 5
\BOOKMARK [1][-]{section.1.1}{1.1 Motiva\347\343o}{chapter.1}% 6
\BOOKMARK [1][-]{section.1.2}{1.2 Objetivos}{chapter.1}% 7
\BOOKMARK [1][-]{section.1.3}{1.3 Estrutura do Relat\363rio}{chapter.1}% 8
\BOOKMARK [0][-]{chapter.2}{2 Reconhecimento Facial em Imagens}{}% 9
\BOOKMARK [1][-]{section.2.1}{2.1 Evolu\347\343o}{chapter.2}% 10
\BOOKMARK [1][-]{section.2.2}{2.2 Defini\347\343o do Problema}{chapter.2}% 11
\BOOKMARK [2][-]{subsection.2.2.1}{2.2.1 Sub-Problemas}{section.2.2}% 12
\BOOKMARK [2][-]{subsection.2.2.2}{2.2.2 Desafios}{section.2.2}% 13
\BOOKMARK [1][-]{section.2.3}{2.3 \301reas de Aplica\347\343o}{chapter.2}% 14
\BOOKMARK [2][-]{subsection.2.3.1}{2.3.1 Controlo de Acesso e Seguran\347a de Informa\347\343o}{section.2.3}% 15
\BOOKMARK [2][-]{subsection.2.3.2}{2.3.2 Cart\365es Inteligentes e Identifica\347\343o de Faces}{section.2.3}% 16
\BOOKMARK [2][-]{subsection.2.3.3}{2.3.3 Entretenimento}{section.2.3}% 17
\BOOKMARK [2][-]{subsection.2.3.4}{2.3.4 Gest\343o de Conte\372dos Multim\351dia e Bases de Dados}{section.2.3}% 18
\BOOKMARK [2][-]{subsection.2.3.5}{2.3.5 Seguran\347a e Aplica\347\343o da Lei}{section.2.3}% 19
\BOOKMARK [1][-]{section.2.4}{2.4 Estrat\351gias de Reconhecimento Facial}{chapter.2}% 20
\BOOKMARK [2][-]{subsection.2.4.1}{2.4.1 Solu\347\365es Existentes}{section.2.4}% 21
\BOOKMARK [1][-]{section.2.5}{2.5 An\341lises de Desempenho Efetuadas}{chapter.2}% 22
\BOOKMARK [2][-]{subsection.2.5.1}{2.5.1 FERET}{section.2.5}% 23
\BOOKMARK [2][-]{subsection.2.5.2}{2.5.2 FRVT}{section.2.5}% 24
\BOOKMARK [0][-]{chapter.3}{3 Abstra\347\343o de Imagens}{}% 25
\BOOKMARK [1][-]{section.3.1}{3.1 Estiliza\347\343o Art\355stica de Imagens}{chapter.3}% 26
\BOOKMARK [1][-]{section.3.2}{3.2 Filtros de Abstra\347\343o de Imagens}{chapter.3}% 27
\BOOKMARK [2][-]{subsection.3.2.1}{3.2.1 Filtro Bilateral}{section.3.2}% 28
\BOOKMARK [2][-]{subsection.3.2.2}{3.2.2 Kuwahara}{section.3.2}% 29
\BOOKMARK [2][-]{subsection.3.2.3}{3.2.3 Diffusion Shock Filter}{section.3.2}% 30
\BOOKMARK [2][-]{subsection.3.2.4}{3.2.4 Filtros Morfol\363gicos}{section.3.2}% 31
\BOOKMARK [2][-]{subsection.3.2.5}{3.2.5 T\351cnicas Gradient Domain}{section.3.2}% 32
\BOOKMARK [1][-]{section.3.3}{3.3 Trabalho Relacionado}{chapter.3}% 33
\BOOKMARK [0][-]{chapter.4}{4 Perspectiva de Solu\347\343o}{}% 34
\BOOKMARK [1][-]{section.4.1}{4.1 Filtros de Abstra\347\343o de Imagens no Reconhecimento Facial}{chapter.4}% 35
\BOOKMARK [1][-]{section.4.2}{4.2 Implementa\347\343o}{chapter.4}% 36
\BOOKMARK [2][-]{subsection.4.2.1}{4.2.1 Sistema de Reconhecimento Facial Base - OpenCV Face Recognizer}{section.4.2}% 37
\BOOKMARK [2][-]{subsection.4.2.2}{4.2.2 Filtros de Abstra\347\343o - Filtro Kuwahara Anisotr\363pico}{section.4.2}% 38
\BOOKMARK [1][-]{section.4.3}{4.3 Cole\347\365es de dados}{chapter.4}% 39
\BOOKMARK [2][-]{subsection.4.3.1}{4.3.1 Labeled Faces in the Wild}{section.4.3}% 40
\BOOKMARK [2][-]{subsection.4.3.2}{4.3.2 Sapo Fama}{section.4.3}% 41
\BOOKMARK [1][-]{section.4.4}{4.4 Avalia\347\343o Desempenho}{chapter.4}% 42
\BOOKMARK [2][-]{subsection.4.4.1}{4.4.1 Identifica\347\343o}{section.4.4}% 43
\BOOKMARK [2][-]{subsection.4.4.2}{4.4.2 Verifica\347\343o}{section.4.4}% 44
\BOOKMARK [1][-]{section.4.5}{4.5 Resultados Esperados}{chapter.4}% 45
\BOOKMARK [1][-]{section.4.6}{4.6 Plano de Trabalho}{chapter.4}% 46
\BOOKMARK [0][-]{chapter.5}{5 Conclus\343o}{}% 47
\BOOKMARK [0][-]{section*.25}{Refer\352ncias}{}% 48
